<?xml version="1.0" encoding="UTF-8"?>
<!-- Generated by org.testng.reporters.JUnitReportReporter -->
<testsuite hostname="DESKTOP-T84RGA4" failures="0" tests="3" name="TestNG.ParallelExecution" time="162.573" errors="3" timestamp="2021-04-24T10:38:04 IST" skipped="0">
  <testcase classname="TestNG.ParallelExecution" name="runChrome2" time="54.194">
    <error message="session not created: This version of ChromeDriver only supports Chrome version 87
Current browser version is 89.0.4389.128 with binary path C:\Program Files (x86)\Google\Chrome\Application\chrome.exe
Build info: version: &#039;3.141.59&#039;, revision: &#039;e82be7d358&#039;, time: &#039;2018-11-14T08:25:53&#039;
System info: host: &#039;DESKTOP-T84RGA4&#039;, ip: &#039;192.168.1.101&#039;, os.name: &#039;Windows 10&#039;, os.arch: &#039;amd64&#039;, os.version: &#039;10.0&#039;, java.version: &#039;16&#039;
Driver info: driver.version: ChromeDriver
remote stacktrace: Backtrace:
	Ordinal0 [0x0102C0C3+3326147]
	Ordinal0 [0x00F10851+2164817]
	Ordinal0 [0x00D97298+619160]
	Ordinal0 [0x00D11D92+73106]
	Ordinal0 [0x00D0E119+57625]
	Ordinal0 [0x00D0C38A+50058]
	Ordinal0 [0x00D35F3E+220990]
	Ordinal0 [0x00D35CAC+220332]
	Ordinal0 [0x00D3189B+202907]
	Ordinal0 [0x00D13DF4+81396]
	Ordinal0 [0x00D14DEE+85486]
	Ordinal0 [0x00D14D79+85369]
	Ordinal0 [0x00F285DC+2262492]
	GetHandleVerifier [0x011B2874+1487204]
	GetHandleVerifier [0x011B23CD+1486013]
	GetHandleVerifier [0x011BA368+1518680]
	GetHandleVerifier [0x011B2F4E+1488958]
	Ordinal0 [0x00F1ED0D+2223373]
	Ordinal0 [0x00F2A12B+2269483]
	Ordinal0 [0x00F2A26F+2269807]
	Ordinal0 [0x00F3ECB8+2354360]
	BaseThreadInitThunk [0x757F6359+25]
	RtlGetAppContainerNamedObjectPath [0x77427B74+228]
	RtlGetAppContainerNamedObjectPath [0x77427B44+180]
" type="org.openqa.selenium.SessionNotCreatedException">
      <![CDATA[org.openqa.selenium.SessionNotCreatedException: session not created: This version of ChromeDriver only supports Chrome version 87
Current browser version is 89.0.4389.128 with binary path C:\Program Files (x86)\Google\Chrome\Application\chrome.exe
Build info: version: '3.141.59', revision: 'e82be7d358', time: '2018-11-14T08:25:53'
System info: host: 'DESKTOP-T84RGA4', ip: '192.168.1.101', os.name: 'Windows 10', os.arch: 'amd64', os.version: '10.0', java.version: '16'
Driver info: driver.version: ChromeDriver
remote stacktrace: Backtrace:
Ordinal0 [0x0102C0C3+3326147]
Ordinal0 [0x00F10851+2164817]
Ordinal0 [0x00D97298+619160]
Ordinal0 [0x00D11D92+73106]
Ordinal0 [0x00D0E119+57625]
Ordinal0 [0x00D0C38A+50058]
Ordinal0 [0x00D35F3E+220990]
Ordinal0 [0x00D35CAC+220332]
Ordinal0 [0x00D3189B+202907]
Ordinal0 [0x00D13DF4+81396]
Ordinal0 [0x00D14DEE+85486]
Ordinal0 [0x00D14D79+85369]
Ordinal0 [0x00F285DC+2262492]
GetHandleVerifier [0x011B2874+1487204]
GetHandleVerifier [0x011B23CD+1486013]
GetHandleVerifier [0x011BA368+1518680]
GetHandleVerifier [0x011B2F4E+1488958]
Ordinal0 [0x00F1ED0D+2223373]
Ordinal0 [0x00F2A12B+2269483]
Ordinal0 [0x00F2A26F+2269807]
Ordinal0 [0x00F3ECB8+2354360]
BaseThreadInitThunk [0x757F6359+25]
RtlGetAppContainerNamedObjectPath [0x77427B74+228]
RtlGetAppContainerNamedObjectPath [0x77427B44+180]

at java.base/jdk.internal.reflect.NativeConstructorAccessorImpl.newInstance0(Native Method)
at java.base/jdk.internal.reflect.NativeConstructorAccessorImpl.newInstance(NativeConstructorAccessorImpl.java:78)
at java.base/jdk.internal.reflect.DelegatingConstructorAccessorImpl.newInstance(DelegatingConstructorAccessorImpl.java:45)
at java.base/java.lang.reflect.Constructor.newInstanceWithCaller(Constructor.java:499)
at java.base/java.lang.reflect.Constructor.newInstance(Constructor.java:480)
at org.openqa.selenium.remote.W3CHandshakeResponse.lambda$errorHandler$0(W3CHandshakeResponse.java:62)
at org.openqa.selenium.remote.HandshakeResponse.lambda$getResponseFunction$0(HandshakeResponse.java:30)
at org.openqa.selenium.remote.ProtocolHandshake.lambda$createSession$0(ProtocolHandshake.java:126)
at java.base/java.util.stream.ReferencePipeline$3$1.accept(ReferencePipeline.java:197)
at java.base/java.util.Spliterators$ArraySpliterator.tryAdvance(Spliterators.java:958)
at java.base/java.util.stream.ReferencePipeline.forEachWithCancel(ReferencePipeline.java:129)
at java.base/java.util.stream.AbstractPipeline.copyIntoWithCancel(AbstractPipeline.java:502)
at java.base/java.util.stream.AbstractPipeline.copyInto(AbstractPipeline.java:488)
at java.base/java.util.stream.AbstractPipeline.wrapAndCopyInto(AbstractPipeline.java:474)
at java.base/java.util.stream.FindOps$FindOp.evaluateSequential(FindOps.java:150)
at java.base/java.util.stream.AbstractPipeline.evaluate(AbstractPipeline.java:234)
at java.base/java.util.stream.ReferencePipeline.findFirst(ReferencePipeline.java:647)
at org.openqa.selenium.remote.ProtocolHandshake.createSession(ProtocolHandshake.java:128)
at org.openqa.selenium.remote.ProtocolHandshake.createSession(ProtocolHandshake.java:74)
at org.openqa.selenium.remote.HttpCommandExecutor.execute(HttpCommandExecutor.java:136)
at org.openqa.selenium.remote.service.DriverCommandExecutor.execute(DriverCommandExecutor.java:83)
at org.openqa.selenium.remote.RemoteWebDriver.execute(RemoteWebDriver.java:552)
at org.openqa.selenium.remote.RemoteWebDriver.startSession(RemoteWebDriver.java:213)
at org.openqa.selenium.remote.RemoteWebDriver.<init>(RemoteWebDriver.java:131)
at org.openqa.selenium.chrome.ChromeDriver.<init>(ChromeDriver.java:181)
at org.openqa.selenium.chrome.ChromeDriver.<init>(ChromeDriver.java:168)
at org.openqa.selenium.chrome.ChromeDriver.<init>(ChromeDriver.java:123)
at TestNG.ParallelExecution.runChrome2(ParallelExecution.java:17)
at java.base/jdk.internal.reflect.NativeMethodAccessorImpl.invoke0(Native Method)
at java.base/jdk.internal.reflect.NativeMethodAccessorImpl.invoke(NativeMethodAccessorImpl.java:78)
at java.base/jdk.internal.reflect.DelegatingMethodAccessorImpl.invoke(DelegatingMethodAccessorImpl.java:43)
at java.base/java.lang.reflect.Method.invoke(Method.java:567)
at org.testng.internal.MethodInvocationHelper.invokeMethod(MethodInvocationHelper.java:132)
at org.testng.internal.TestInvoker.invokeMethod(TestInvoker.java:599)
at org.testng.internal.TestInvoker.invokeTestMethod(TestInvoker.java:174)
at org.testng.internal.MethodRunner.runInSequence(MethodRunner.java:46)
at org.testng.internal.TestInvoker$MethodInvocationAgent.invoke(TestInvoker.java:822)
at org.testng.internal.TestInvoker.invokeTestMethods(TestInvoker.java:147)
at org.testng.internal.TestMethodWorker.invokeTestMethods(TestMethodWorker.java:146)
at org.testng.internal.TestMethodWorker.run(TestMethodWorker.java:128)
at java.base/java.util.concurrent.ThreadPoolExecutor.runWorker(ThreadPoolExecutor.java:1130)
at java.base/java.util.concurrent.ThreadPoolExecutor$Worker.run(ThreadPoolExecutor.java:630)
at java.base/java.lang.Thread.run(Thread.java:831)
]]>
    </error>
  </testcase> <!-- runChrome2 -->
  <system-out/>
  <testcase classname="TestNG.ParallelExecution" name="runChrome1" time="54.194">
    <error message="session not created: This version of ChromeDriver only supports Chrome version 87
Current browser version is 89.0.4389.128 with binary path C:\Program Files (x86)\Google\Chrome\Application\chrome.exe
Build info: version: &#039;3.141.59&#039;, revision: &#039;e82be7d358&#039;, time: &#039;2018-11-14T08:25:53&#039;
System info: host: &#039;DESKTOP-T84RGA4&#039;, ip: &#039;192.168.1.101&#039;, os.name: &#039;Windows 10&#039;, os.arch: &#039;amd64&#039;, os.version: &#039;10.0&#039;, java.version: &#039;16&#039;
Driver info: driver.version: ChromeDriver
remote stacktrace: Backtrace:
	Ordinal0 [0x0102C0C3+3326147]
	Ordinal0 [0x00F10851+2164817]
	Ordinal0 [0x00D97298+619160]
	Ordinal0 [0x00D11D92+73106]
	Ordinal0 [0x00D0E119+57625]
	Ordinal0 [0x00D0C38A+50058]
	Ordinal0 [0x00D35F3E+220990]
	Ordinal0 [0x00D35CAC+220332]
	Ordinal0 [0x00D3189B+202907]
	Ordinal0 [0x00D13DF4+81396]
	Ordinal0 [0x00D14DEE+85486]
	Ordinal0 [0x00D14D79+85369]
	Ordinal0 [0x00F285DC+2262492]
	GetHandleVerifier [0x011B2874+1487204]
	GetHandleVerifier [0x011B23CD+1486013]
	GetHandleVerifier [0x011BA368+1518680]
	GetHandleVerifier [0x011B2F4E+1488958]
	Ordinal0 [0x00F1ED0D+2223373]
	Ordinal0 [0x00F2A12B+2269483]
	Ordinal0 [0x00F2A26F+2269807]
	Ordinal0 [0x00F3ECB8+2354360]
	BaseThreadInitThunk [0x757F6359+25]
	RtlGetAppContainerNamedObjectPath [0x77427B74+228]
	RtlGetAppContainerNamedObjectPath [0x77427B44+180]
" type="org.openqa.selenium.SessionNotCreatedException">
      <![CDATA[org.openqa.selenium.SessionNotCreatedException: session not created: This version of ChromeDriver only supports Chrome version 87
Current browser version is 89.0.4389.128 with binary path C:\Program Files (x86)\Google\Chrome\Application\chrome.exe
Build info: version: '3.141.59', revision: 'e82be7d358', time: '2018-11-14T08:25:53'
System info: host: 'DESKTOP-T84RGA4', ip: '192.168.1.101', os.name: 'Windows 10', os.arch: 'amd64', os.version: '10.0', java.version: '16'
Driver info: driver.version: ChromeDriver
remote stacktrace: Backtrace:
Ordinal0 [0x0102C0C3+3326147]
Ordinal0 [0x00F10851+2164817]
Ordinal0 [0x00D97298+619160]
Ordinal0 [0x00D11D92+73106]
Ordinal0 [0x00D0E119+57625]
Ordinal0 [0x00D0C38A+50058]
Ordinal0 [0x00D35F3E+220990]
Ordinal0 [0x00D35CAC+220332]
Ordinal0 [0x00D3189B+202907]
Ordinal0 [0x00D13DF4+81396]
Ordinal0 [0x00D14DEE+85486]
Ordinal0 [0x00D14D79+85369]
Ordinal0 [0x00F285DC+2262492]
GetHandleVerifier [0x011B2874+1487204]
GetHandleVerifier [0x011B23CD+1486013]
GetHandleVerifier [0x011BA368+1518680]
GetHandleVerifier [0x011B2F4E+1488958]
Ordinal0 [0x00F1ED0D+2223373]
Ordinal0 [0x00F2A12B+2269483]
Ordinal0 [0x00F2A26F+2269807]
Ordinal0 [0x00F3ECB8+2354360]
BaseThreadInitThunk [0x757F6359+25]
RtlGetAppContainerNamedObjectPath [0x77427B74+228]
RtlGetAppContainerNamedObjectPath [0x77427B44+180]

at java.base/jdk.internal.reflect.NativeConstructorAccessorImpl.newInstance0(Native Method)
at java.base/jdk.internal.reflect.NativeConstructorAccessorImpl.newInstance(NativeConstructorAccessorImpl.java:78)
at java.base/jdk.internal.reflect.DelegatingConstructorAccessorImpl.newInstance(DelegatingConstructorAccessorImpl.java:45)
at java.base/java.lang.reflect.Constructor.newInstanceWithCaller(Constructor.java:499)
at java.base/java.lang.reflect.Constructor.newInstance(Constructor.java:480)
at org.openqa.selenium.remote.W3CHandshakeResponse.lambda$errorHandler$0(W3CHandshakeResponse.java:62)
at org.openqa.selenium.remote.HandshakeResponse.lambda$getResponseFunction$0(HandshakeResponse.java:30)
at org.openqa.selenium.remote.ProtocolHandshake.lambda$createSession$0(ProtocolHandshake.java:126)
at java.base/java.util.stream.ReferencePipeline$3$1.accept(ReferencePipeline.java:197)
at java.base/java.util.Spliterators$ArraySpliterator.tryAdvance(Spliterators.java:958)
at java.base/java.util.stream.ReferencePipeline.forEachWithCancel(ReferencePipeline.java:129)
at java.base/java.util.stream.AbstractPipeline.copyIntoWithCancel(AbstractPipeline.java:502)
at java.base/java.util.stream.AbstractPipeline.copyInto(AbstractPipeline.java:488)
at java.base/java.util.stream.AbstractPipeline.wrapAndCopyInto(AbstractPipeline.java:474)
at java.base/java.util.stream.FindOps$FindOp.evaluateSequential(FindOps.java:150)
at java.base/java.util.stream.AbstractPipeline.evaluate(AbstractPipeline.java:234)
at java.base/java.util.stream.ReferencePipeline.findFirst(ReferencePipeline.java:647)
at org.openqa.selenium.remote.ProtocolHandshake.createSession(ProtocolHandshake.java:128)
at org.openqa.selenium.remote.ProtocolHandshake.createSession(ProtocolHandshake.java:74)
at org.openqa.selenium.remote.HttpCommandExecutor.execute(HttpCommandExecutor.java:136)
at org.openqa.selenium.remote.service.DriverCommandExecutor.execute(DriverCommandExecutor.java:83)
at org.openqa.selenium.remote.RemoteWebDriver.execute(RemoteWebDriver.java:552)
at org.openqa.selenium.remote.RemoteWebDriver.startSession(RemoteWebDriver.java:213)
at org.openqa.selenium.remote.RemoteWebDriver.<init>(RemoteWebDriver.java:131)
at org.openqa.selenium.chrome.ChromeDriver.<init>(ChromeDriver.java:181)
at org.openqa.selenium.chrome.ChromeDriver.<init>(ChromeDriver.java:168)
at org.openqa.selenium.chrome.ChromeDriver.<init>(ChromeDriver.java:123)
at TestNG.ParallelExecution.runChrome1(ParallelExecution.java:11)
at java.base/jdk.internal.reflect.NativeMethodAccessorImpl.invoke0(Native Method)
at java.base/jdk.internal.reflect.NativeMethodAccessorImpl.invoke(NativeMethodAccessorImpl.java:78)
at java.base/jdk.internal.reflect.DelegatingMethodAccessorImpl.invoke(DelegatingMethodAccessorImpl.java:43)
at java.base/java.lang.reflect.Method.invoke(Method.java:567)
at org.testng.internal.MethodInvocationHelper.invokeMethod(MethodInvocationHelper.java:132)
at org.testng.internal.TestInvoker.invokeMethod(TestInvoker.java:599)
at org.testng.internal.TestInvoker.invokeTestMethod(TestInvoker.java:174)
at org.testng.internal.MethodRunner.runInSequence(MethodRunner.java:46)
at org.testng.internal.TestInvoker$MethodInvocationAgent.invoke(TestInvoker.java:822)
at org.testng.internal.TestInvoker.invokeTestMethods(TestInvoker.java:147)
at org.testng.internal.TestMethodWorker.invokeTestMethods(TestMethodWorker.java:146)
at org.testng.internal.TestMethodWorker.run(TestMethodWorker.java:128)
at java.base/java.util.concurrent.ThreadPoolExecutor.runWorker(ThreadPoolExecutor.java:1130)
at java.base/java.util.concurrent.ThreadPoolExecutor$Worker.run(ThreadPoolExecutor.java:630)
at java.base/java.lang.Thread.run(Thread.java:831)
]]>
    </error>
  </testcase> <!-- runChrome1 -->
  <system-out/>
  <testcase classname="TestNG.ParallelExecution" name="runChrome3" time="54.185">
    <error message="session not created: This version of ChromeDriver only supports Chrome version 87
Current browser version is 89.0.4389.128 with binary path C:\Program Files (x86)\Google\Chrome\Application\chrome.exe
Build info: version: &#039;3.141.59&#039;, revision: &#039;e82be7d358&#039;, time: &#039;2018-11-14T08:25:53&#039;
System info: host: &#039;DESKTOP-T84RGA4&#039;, ip: &#039;192.168.1.101&#039;, os.name: &#039;Windows 10&#039;, os.arch: &#039;amd64&#039;, os.version: &#039;10.0&#039;, java.version: &#039;16&#039;
Driver info: driver.version: ChromeDriver
remote stacktrace: Backtrace:
	Ordinal0 [0x0102C0C3+3326147]
	Ordinal0 [0x00F10851+2164817]
	Ordinal0 [0x00D97298+619160]
	Ordinal0 [0x00D11D92+73106]
	Ordinal0 [0x00D0E119+57625]
	Ordinal0 [0x00D0C38A+50058]
	Ordinal0 [0x00D35F3E+220990]
	Ordinal0 [0x00D35CAC+220332]
	Ordinal0 [0x00D3189B+202907]
	Ordinal0 [0x00D13DF4+81396]
	Ordinal0 [0x00D14DEE+85486]
	Ordinal0 [0x00D14D79+85369]
	Ordinal0 [0x00F285DC+2262492]
	GetHandleVerifier [0x011B2874+1487204]
	GetHandleVerifier [0x011B23CD+1486013]
	GetHandleVerifier [0x011BA368+1518680]
	GetHandleVerifier [0x011B2F4E+1488958]
	Ordinal0 [0x00F1ED0D+2223373]
	Ordinal0 [0x00F2A12B+2269483]
	Ordinal0 [0x00F2A26F+2269807]
	Ordinal0 [0x00F3ECB8+2354360]
	BaseThreadInitThunk [0x757F6359+25]
	RtlGetAppContainerNamedObjectPath [0x77427B74+228]
	RtlGetAppContainerNamedObjectPath [0x77427B44+180]
" type="org.openqa.selenium.SessionNotCreatedException">
      <![CDATA[org.openqa.selenium.SessionNotCreatedException: session not created: This version of ChromeDriver only supports Chrome version 87
Current browser version is 89.0.4389.128 with binary path C:\Program Files (x86)\Google\Chrome\Application\chrome.exe
Build info: version: '3.141.59', revision: 'e82be7d358', time: '2018-11-14T08:25:53'
System info: host: 'DESKTOP-T84RGA4', ip: '192.168.1.101', os.name: 'Windows 10', os.arch: 'amd64', os.version: '10.0', java.version: '16'
Driver info: driver.version: ChromeDriver
remote stacktrace: Backtrace:
Ordinal0 [0x0102C0C3+3326147]
Ordinal0 [0x00F10851+2164817]
Ordinal0 [0x00D97298+619160]
Ordinal0 [0x00D11D92+73106]
Ordinal0 [0x00D0E119+57625]
Ordinal0 [0x00D0C38A+50058]
Ordinal0 [0x00D35F3E+220990]
Ordinal0 [0x00D35CAC+220332]
Ordinal0 [0x00D3189B+202907]
Ordinal0 [0x00D13DF4+81396]
Ordinal0 [0x00D14DEE+85486]
Ordinal0 [0x00D14D79+85369]
Ordinal0 [0x00F285DC+2262492]
GetHandleVerifier [0x011B2874+1487204]
GetHandleVerifier [0x011B23CD+1486013]
GetHandleVerifier [0x011BA368+1518680]
GetHandleVerifier [0x011B2F4E+1488958]
Ordinal0 [0x00F1ED0D+2223373]
Ordinal0 [0x00F2A12B+2269483]
Ordinal0 [0x00F2A26F+2269807]
Ordinal0 [0x00F3ECB8+2354360]
BaseThreadInitThunk [0x757F6359+25]
RtlGetAppContainerNamedObjectPath [0x77427B74+228]
RtlGetAppContainerNamedObjectPath [0x77427B44+180]

at java.base/jdk.internal.reflect.NativeConstructorAccessorImpl.newInstance0(Native Method)
at java.base/jdk.internal.reflect.NativeConstructorAccessorImpl.newInstance(NativeConstructorAccessorImpl.java:78)
at java.base/jdk.internal.reflect.DelegatingConstructorAccessorImpl.newInstance(DelegatingConstructorAccessorImpl.java:45)
at java.base/java.lang.reflect.Constructor.newInstanceWithCaller(Constructor.java:499)
at java.base/java.lang.reflect.Constructor.newInstance(Constructor.java:480)
at org.openqa.selenium.remote.W3CHandshakeResponse.lambda$errorHandler$0(W3CHandshakeResponse.java:62)
at org.openqa.selenium.remote.HandshakeResponse.lambda$getResponseFunction$0(HandshakeResponse.java:30)
at org.openqa.selenium.remote.ProtocolHandshake.lambda$createSession$0(ProtocolHandshake.java:126)
at java.base/java.util.stream.ReferencePipeline$3$1.accept(ReferencePipeline.java:197)
at java.base/java.util.Spliterators$ArraySpliterator.tryAdvance(Spliterators.java:958)
at java.base/java.util.stream.ReferencePipeline.forEachWithCancel(ReferencePipeline.java:129)
at java.base/java.util.stream.AbstractPipeline.copyIntoWithCancel(AbstractPipeline.java:502)
at java.base/java.util.stream.AbstractPipeline.copyInto(AbstractPipeline.java:488)
at java.base/java.util.stream.AbstractPipeline.wrapAndCopyInto(AbstractPipeline.java:474)
at java.base/java.util.stream.FindOps$FindOp.evaluateSequential(FindOps.java:150)
at java.base/java.util.stream.AbstractPipeline.evaluate(AbstractPipeline.java:234)
at java.base/java.util.stream.ReferencePipeline.findFirst(ReferencePipeline.java:647)
at org.openqa.selenium.remote.ProtocolHandshake.createSession(ProtocolHandshake.java:128)
at org.openqa.selenium.remote.ProtocolHandshake.createSession(ProtocolHandshake.java:74)
at org.openqa.selenium.remote.HttpCommandExecutor.execute(HttpCommandExecutor.java:136)
at org.openqa.selenium.remote.service.DriverCommandExecutor.execute(DriverCommandExecutor.java:83)
at org.openqa.selenium.remote.RemoteWebDriver.execute(RemoteWebDriver.java:552)
at org.openqa.selenium.remote.RemoteWebDriver.startSession(RemoteWebDriver.java:213)
at org.openqa.selenium.remote.RemoteWebDriver.<init>(RemoteWebDriver.java:131)
at org.openqa.selenium.chrome.ChromeDriver.<init>(ChromeDriver.java:181)
at org.openqa.selenium.chrome.ChromeDriver.<init>(ChromeDriver.java:168)
at org.openqa.selenium.chrome.ChromeDriver.<init>(ChromeDriver.java:123)
at TestNG.ParallelExecution.runChrome3(ParallelExecution.java:23)
at java.base/jdk.internal.reflect.NativeMethodAccessorImpl.invoke0(Native Method)
at java.base/jdk.internal.reflect.NativeMethodAccessorImpl.invoke(NativeMethodAccessorImpl.java:78)
at java.base/jdk.internal.reflect.DelegatingMethodAccessorImpl.invoke(DelegatingMethodAccessorImpl.java:43)
at java.base/java.lang.reflect.Method.invoke(Method.java:567)
at org.testng.internal.MethodInvocationHelper.invokeMethod(MethodInvocationHelper.java:132)
at org.testng.internal.TestInvoker.invokeMethod(TestInvoker.java:599)
at org.testng.internal.TestInvoker.invokeTestMethod(TestInvoker.java:174)
at org.testng.internal.MethodRunner.runInSequence(MethodRunner.java:46)
at org.testng.internal.TestInvoker$MethodInvocationAgent.invoke(TestInvoker.java:822)
at org.testng.internal.TestInvoker.invokeTestMethods(TestInvoker.java:147)
at org.testng.internal.TestMethodWorker.invokeTestMethods(TestMethodWorker.java:146)
at org.testng.internal.TestMethodWorker.run(TestMethodWorker.java:128)
at java.base/java.util.concurrent.ThreadPoolExecutor.runWorker(ThreadPoolExecutor.java:1130)
at java.base/java.util.concurrent.ThreadPoolExecutor$Worker.run(ThreadPoolExecutor.java:630)
at java.base/java.lang.Thread.run(Thread.java:831)
]]>
    </error>
  </testcase> <!-- runChrome3 -->
  <system-out/>
</testsuite> <!-- TestNG.ParallelExecution -->
